  .   ____          _            __ _ _
 /\\ / ___'_ __ _ _(_)_ __  __ _ \ \ \ \
( ( )\___ | '_ | '_| | '_ \/ _` | \ \ \ \
 \\/  ___)| |_)| | | | | || (_| |  ) ) ) )
  '  |____| .__|_| |_|_| |_\__, | / / / /
 =========|_|==============|___/=/_/_/_/

 :: Spring Boot ::                (v3.3.0)

2025-11-24T19:35:30.269+01:00  INFO 13802 --- [LiquidityLens Backend] [           main] c.l.LiquidityLensApplication             : Starting LiquidityLensApplication v1.0.0-SNAPSHOT using Java 21.0.8 with PID 13802 (/home/sano/Desktop/HOPE=SANO/trade/backend/target/liquidity-lens-backend-1.0.0-SNAPSHOT.jar started by sano in /home/sano/Desktop/HOPE=SANO/trade)
2025-11-24T19:35:30.272+01:00 DEBUG 13802 --- [LiquidityLens Backend] [           main] c.l.LiquidityLensApplication             : Running with Spring Boot v3.3.0, Spring v6.1.8
2025-11-24T19:35:30.272+01:00  INFO 13802 --- [LiquidityLens Backend] [           main] c.l.LiquidityLensApplication             : No active profile set, falling back to 1 default profile: "default"
2025-11-24T19:35:31.027+01:00  INFO 13802 --- [LiquidityLens Backend] [           main] o.s.b.w.embedded.tomcat.TomcatWebServer  : Tomcat initialized with port 8080 (http)
2025-11-24T19:35:31.042+01:00  INFO 13802 --- [LiquidityLens Backend] [           main] o.apache.catalina.core.StandardService   : Starting service [Tomcat]
2025-11-24T19:35:31.042+01:00  INFO 13802 --- [LiquidityLens Backend] [           main] o.apache.catalina.core.StandardEngine    : Starting Servlet engine: [Apache Tomcat/10.1.24]
2025-11-24T19:35:31.070+01:00  INFO 13802 --- [LiquidityLens Backend] [           main] o.a.c.c.C.[Tomcat].[localhost].[/]       : Initializing Spring embedded WebApplicationContext
2025-11-24T19:35:31.071+01:00  INFO 13802 --- [LiquidityLens Backend] [           main] w.s.c.ServletWebServerApplicationContext : Root WebApplicationContext: initialization completed in 737 ms
2025-11-24T19:35:31.135+01:00  INFO 13802 --- [LiquidityLens Backend] [           main] c.l.service.BinanceConnectorService      : Connecting to Binance WebSocket: wss://stream.binance.com:9443/ws/btcusdt@depth20@100ms
2025-11-24T19:35:31.509+01:00  INFO 13802 --- [LiquidityLens Backend] [           main] o.s.b.w.embedded.tomcat.TomcatWebServer  : Tomcat started on port 8080 (http) with context path '/'
2025-11-24T19:35:31.521+01:00  INFO 13802 --- [LiquidityLens Backend] [           main] c.l.LiquidityLensApplication             : Started LiquidityLensApplication in 1.66 seconds (process running for 2.102)
2025-11-24T19:35:32.356+01:00  INFO 13802 --- [LiquidityLens Backend] [onPool-worker-1] c.l.service.BinanceConnectorService      : Successfully connected to Binance WebSocket
2025-11-24T19:38:29.784+01:00  INFO 13802 --- [LiquidityLens Backend] [omcat-handler-0] o.a.c.c.C.[Tomcat].[localhost].[/]       : Initializing Spring DispatcherServlet 'dispatcherServlet'
2025-11-24T19:38:29.784+01:00  INFO 13802 --- [LiquidityLens Backend] [omcat-handler-0] o.s.web.servlet.DispatcherServlet        : Initializing Servlet 'dispatcherServlet'
2025-11-24T19:38:29.785+01:00  INFO 13802 --- [LiquidityLens Backend] [omcat-handler-0] o.s.web.servlet.DispatcherServlet        : Completed initialization in 0 ms
2025-11-24T19:38:29.823+01:00  INFO 13802 --- [LiquidityLens Backend] [omcat-handler-0] c.l.service.BinaryBroadcasterService     : Client connected. Total clients: 1
2025-11-24T19:54:15.669+01:00  INFO 13802 --- [LiquidityLens Backend] [omcat-handler-1] c.l.service.BinaryBroadcasterService     : Client disconnected. Total clients: 0
2025-11-24T19:54:38.071+01:00  INFO 13802 --- [LiquidityLens Backend] [omcat-handler-2] c.l.service.BinaryBroadcasterService     : Client connected. Total clients: 1
2025-11-24T19:54:45.388+01:00  INFO 13802 --- [LiquidityLens Backend] [omcat-handler-3] c.l.service.BinaryBroadcasterService     : Client disconnected. Total clients: 0
2025-11-24T19:54:47.127+01:00  INFO 13802 --- [LiquidityLens Backend] [omcat-handler-4] c.l.service.BinaryBroadcasterService     : Client connected. Total clients: 1
2025-11-24T20:06:49.676+01:00  INFO 13802 --- [LiquidityLens Backend] [omcat-handler-5] c.l.service.BinaryBroadcasterService     : Client disconnected. Total clients: 0
2025-11-24T20:34:36.212+01:00  INFO 13802 --- [LiquidityLens Backend] [omcat-handler-6] c.l.service.BinaryBroadcasterService     : Client connected. Total clients: 1
2025-11-24T21:38:47.433+01:00  INFO 13802 --- [LiquidityLens Backend] [omcat-handler-7] c.l.service.BinaryBroadcasterService     : Client disconnected. Total clients: 0
2025-11-24T22:52:00.175+01:00  INFO 13802 --- [LiquidityLens Backend] [omcat-handler-8] c.l.service.BinaryBroadcasterService     : Client connected. Total clients: 1
2025-11-24T22:54:35.198+01:00  INFO 13802 --- [LiquidityLens Backend] [omcat-handler-9] c.l.service.BinaryBroadcasterService     : Client disconnected. Total clients: 0
2025-11-24T22:54:35.328+01:00  INFO 13802 --- [LiquidityLens Backend] [mcat-handler-10] c.l.service.BinaryBroadcasterService     : Client connected. Total clients: 1
2025-11-25T00:08:29.516+01:00  INFO 13802 --- [LiquidityLens Backend] [mcat-handler-11] c.l.service.BinaryBroadcasterService     : Client disconnected. Total clients: 0
2025-11-25T00:53:53.873+01:00 ERROR 13802 --- [LiquidityLens Backend] [     virtual-40] c.l.service.BinanceConnectorService      : WebSocket error occurred

java.io.IOException: BUFFER_UNDERFLOW with EOF, 4388 bytes non decrypted.
	at java.net.http/jdk.internal.net.http.common.SSLFlowDelegate$Reader.processData(SSLFlowDelegate.java:487) ~[java.net.http:na]
	at java.net.http/jdk.internal.net.http.common.SSLFlowDelegate$Reader$ReaderDownstreamPusher.run(SSLFlowDelegate.java:283) ~[java.net.http:na]
	at java.net.http/jdk.internal.net.http.common.SequentialScheduler$LockingRestartableTask.run(SequentialScheduler.java:182) ~[java.net.http:na]
	at java.net.http/jdk.internal.net.http.common.SequentialScheduler$CompleteRestartableTask.run(SequentialScheduler.java:149) ~[java.net.http:na]
	at java.net.http/jdk.internal.net.http.common.SequentialScheduler$SchedulableTask.run(SequentialScheduler.java:207) ~[java.net.http:na]
	at java.base/java.util.concurrent.Executors$RunnableAdapter.call(Executors.java:572) ~[na:na]
	at java.base/java.util.concurrent.FutureTask.run(FutureTask.java:317) ~[na:na]
	at java.base/java.util.concurrent.ScheduledThreadPoolExecutor$ScheduledFutureTask.run(ScheduledThreadPoolExecutor.java:304) ~[na:na]
	at java.base/java.util.concurrent.ThreadPoolExecutor.runWorker(ThreadPoolExecutor.java:1144) ~[na:na]
	at java.base/java.util.concurrent.ThreadPoolExecutor$Worker.run(ThreadPoolExecutor.java:642) ~[na:na]
	at java.base/java.lang.VirtualThread.run(VirtualThread.java:329) ~[na:na]

2025-11-25T02:52:34.263+01:00  INFO 13802 --- [LiquidityLens Backend] [ionShutdownHook] c.l.service.BinanceConnectorService      : Disconnected from Binance WebSocket
